mv assimilator.png.0 assimilator.0.png
mv assimilator.png.1 assimilator.1.png
mv assimilator.png.10 assimilator.10.png
mv assimilator.png.11 assimilator.11.png
mv assimilator.png.12 assimilator.12.png
mv assimilator.png.13 assimilator.13.png
mv assimilator.png.14 assimilator.14.png
mv assimilator.png.15 assimilator.15.png
mv assimilator.png.2 assimilator.2.png
mv assimilator.png.3 assimilator.3.png
mv assimilator.png.4 assimilator.4.png
mv assimilator.png.5 assimilator.5.png
mv assimilator.png.6 assimilator.6.png
mv assimilator.png.7 assimilator.7.png
mv assimilator.png.8 assimilator.8.png
mv assimilator.png.9 assimilator.9.png
mv battery.png.0 battery.0.png
mv battery.png.1 battery.1.png
mv battery.png.10 battery.10.png
mv battery.png.11 battery.11.png
mv battery.png.12 battery.12.png
mv battery.png.13 battery.13.png
mv battery.png.14 battery.14.png
mv battery.png.15 battery.15.png
mv battery.png.2 battery.2.png
mv battery.png.3 battery.3.png
mv battery.png.4 battery.4.png
mv battery.png.5 battery.5.png
mv battery.png.6 battery.6.png
mv battery.png.7 battery.7.png
mv battery.png.8 battery.8.png
mv battery.png.9 battery.9.png
mv cyber_underling_buried.png.0 cyber_underling_buried.0.png
mv cyber_underling_buried.png.1 cyber_underling_buried.1.png
mv cyber_underling_buried.png.10 cyber_underling_buried.10.png
mv cyber_underling_buried.png.11 cyber_underling_buried.11.png
mv cyber_underling_buried.png.12 cyber_underling_buried.12.png
mv cyber_underling_buried.png.13 cyber_underling_buried.13.png
mv cyber_underling_buried.png.14 cyber_underling_buried.14.png
mv cyber_underling_buried.png.15 cyber_underling_buried.15.png
mv cyber_underling_buried.png.2 cyber_underling_buried.2.png
mv cyber_underling_buried.png.3 cyber_underling_buried.3.png
mv cyber_underling_buried.png.4 cyber_underling_buried.4.png
mv cyber_underling_buried.png.5 cyber_underling_buried.5.png
mv cyber_underling_buried.png.6 cyber_underling_buried.6.png
mv cyber_underling_buried.png.7 cyber_underling_buried.7.png
mv cyber_underling_buried.png.8 cyber_underling_buried.8.png
mv cyber_underling_buried.png.9 cyber_underling_buried.9.png
mv cyber_underling.png.0 cyber_underling.0.png
mv cyber_underling.png.1 cyber_underling.1.png
mv cyber_underling.png.10 cyber_underling.10.png
mv cyber_underling.png.11 cyber_underling.11.png
mv cyber_underling.png.12 cyber_underling.12.png
mv cyber_underling.png.13 cyber_underling.13.png
mv cyber_underling.png.14 cyber_underling.14.png
mv cyber_underling.png.15 cyber_underling.15.png
mv cyber_underling.png.2 cyber_underling.2.png
mv cyber_underling.png.3 cyber_underling.3.png
mv cyber_underling.png.4 cyber_underling.4.png
mv cyber_underling.png.5 cyber_underling.5.png
mv cyber_underling.png.6 cyber_underling.6.png
mv cyber_underling.png.7 cyber_underling.7.png
mv cyber_underling.png.8 cyber_underling.8.png
mv cyber_underling.png.9 cyber_underling.9.png
mv destroyer.png.0 destroyer.0.png
mv destroyer.png.1 destroyer.1.png
mv destroyer.png.10 destroyer.10.png
mv destroyer.png.11 destroyer.11.png
mv destroyer.png.12 destroyer.12.png
mv destroyer.png.13 destroyer.13.png
mv destroyer.png.14 destroyer.14.png
mv destroyer.png.15 destroyer.15.png
mv destroyer.png.2 destroyer.2.png
mv destroyer.png.3 destroyer.3.png
mv destroyer.png.4 destroyer.4.png
mv destroyer.png.5 destroyer.5.png
mv destroyer.png.6 destroyer.6.png
mv destroyer.png.7 destroyer.7.png
mv destroyer.png.8 destroyer.8.png
mv destroyer.png.9 destroyer.9.png
mv eclipse.png.0 eclipse.0.png
mv eclipse.png.1 eclipse.1.png
mv eclipse.png.10 eclipse.10.png
mv eclipse.png.11 eclipse.11.png
mv eclipse.png.12 eclipse.12.png
mv eclipse.png.13 eclipse.13.png
mv eclipse.png.14 eclipse.14.png
mv eclipse.png.15 eclipse.15.png
mv eclipse.png.2 eclipse.2.png
mv eclipse.png.3 eclipse.3.png
mv eclipse.png.4 eclipse.4.png
mv eclipse.png.5 eclipse.5.png
mv eclipse.png.6 eclipse.6.png
mv eclipse.png.7 eclipse.7.png
mv eclipse.png.8 eclipse.8.png
mv eclipse.png.9 eclipse.9.png
mv engineer.png.0 engineer.0.png
mv engineer.png.1 engineer.1.png
mv engineer.png.10 engineer.10.png
mv engineer.png.11 engineer.11.png
mv engineer.png.12 engineer.12.png
mv engineer.png.13 engineer.13.png
mv engineer.png.14 engineer.14.png
mv engineer.png.15 engineer.15.png
mv engineer.png.2 engineer.2.png
mv engineer.png.3 engineer.3.png
mv engineer.png.4 engineer.4.png
mv engineer.png.5 engineer.5.png
mv engineer.png.6 engineer.6.png
mv engineer.png.7 engineer.7.png
mv engineer.png.8 engineer.8.png
mv engineer.png.9 engineer.9.png
mv garuda.png.0 garuda.0.png
mv garuda.png.1 garuda.1.png
mv garuda.png.10 garuda.10.png
mv garuda.png.11 garuda.11.png
mv garuda.png.12 garuda.12.png
mv garuda.png.13 garuda.13.png
mv garuda.png.14 garuda.14.png
mv garuda.png.15 garuda.15.png
mv garuda.png.2 garuda.2.png
mv garuda.png.3 garuda.3.png
mv garuda.png.4 garuda.4.png
mv garuda.png.5 garuda.5.png
mv garuda.png.6 garuda.6.png
mv garuda.png.7 garuda.7.png
mv garuda.png.8 garuda.8.png
mv garuda.png.9 garuda.9.png
mv helicopter.png.0 helicopter.0.png
mv helicopter.png.1 helicopter.1.png
mv helicopter.png.10 helicopter.10.png
mv helicopter.png.11 helicopter.11.png
mv helicopter.png.12 helicopter.12.png
mv helicopter.png.13 helicopter.13.png
mv helicopter.png.14 helicopter.14.png
mv helicopter.png.15 helicopter.15.png
mv helicopter.png.2 helicopter.2.png
mv helicopter.png.3 helicopter.3.png
mv helicopter.png.4 helicopter.4.png
mv helicopter.png.5 helicopter.5.png
mv helicopter.png.6 helicopter.6.png
mv helicopter.png.7 helicopter.7.png
mv helicopter.png.8 helicopter.8.png
mv helicopter.png.9 helicopter.9.png
mv hydronaut.png.0 hydronaut.0.png
mv hydronaut.png.1 hydronaut.1.png
mv hydronaut.png.10 hydronaut.10.png
mv hydronaut.png.11 hydronaut.11.png
mv hydronaut.png.12 hydronaut.12.png
mv hydronaut.png.13 hydronaut.13.png
mv hydronaut.png.14 hydronaut.14.png
mv hydronaut.png.15 hydronaut.15.png
mv hydronaut.png.2 hydronaut.2.png
mv hydronaut.png.3 hydronaut.3.png
mv hydronaut.png.4 hydronaut.4.png
mv hydronaut.png.5 hydronaut.5.png
mv hydronaut.png.6 hydronaut.6.png
mv hydronaut.png.7 hydronaut.7.png
mv hydronaut.png.8 hydronaut.8.png
mv hydronaut.png.9 hydronaut.9.png
mv infected_marine.png.0 infected_marine.0.png
mv infected_marine.png.1 infected_marine.1.png
mv infected_marine.png.10 infected_marine.10.png
mv infected_marine.png.11 infected_marine.11.png
mv infected_marine.png.12 infected_marine.12.png
mv infected_marine.png.13 infected_marine.13.png
mv infected_marine.png.14 infected_marine.14.png
mv infected_marine.png.15 infected_marine.15.png
mv infected_marine.png.2 infected_marine.2.png
mv infected_marine.png.3 infected_marine.3.png
mv infected_marine.png.4 infected_marine.4.png
mv infected_marine.png.5 infected_marine.5.png
mv infected_marine.png.6 infected_marine.6.png
mv infected_marine.png.7 infected_marine.7.png
mv infected_marine.png.8 infected_marine.8.png
mv infected_marine.png.9 infected_marine.9.png
mv infector.png.0 infector.0.png
mv infector.png.1 infector.1.png
mv infector.png.10 infector.10.png
mv infector.png.11 infector.11.png
mv infector.png.12 infector.12.png
mv infector.png.13 infector.13.png
mv infector.png.14 infector.14.png
mv infector.png.15 infector.15.png
mv infector.png.2 infector.2.png
mv infector.png.3 infector.3.png
mv infector.png.4 infector.4.png
mv infector.png.5 infector.5.png
mv infector.png.6 infector.6.png
mv infector.png.7 infector.7.png
mv infector.png.8 infector.8.png
mv infector.png.9 infector.9.png
mv khralean_base.png.0 khralean_base.0.png
mv khralean_base.png.1 khralean_base.1.png
mv khralean_base.png.10 khralean_base.10.png
mv khralean_base.png.11 khralean_base.11.png
mv khralean_base.png.12 khralean_base.12.png
mv khralean_base.png.13 khralean_base.13.png
mv khralean_base.png.14 khralean_base.14.png
mv khralean_base.png.15 khralean_base.15.png
mv khralean_base.png.2 khralean_base.2.png
mv khralean_base.png.3 khralean_base.3.png
mv khralean_base.png.4 khralean_base.4.png
mv khralean_base.png.5 khralean_base.5.png
mv khralean_base.png.6 khralean_base.6.png
mv khralean_base.png.7 khralean_base.7.png
mv khralean_base.png.8 khralean_base.8.png
mv khralean_base.png.9 khralean_base.9.png
mv leviathan.png.0 leviathan.0.png
mv leviathan.png.1 leviathan.1.png
mv leviathan.png.10 leviathan.10.png
mv leviathan.png.11 leviathan.11.png
mv leviathan.png.12 leviathan.12.png
mv leviathan.png.13 leviathan.13.png
mv leviathan.png.14 leviathan.14.png
mv leviathan.png.15 leviathan.15.png
mv leviathan.png.2 leviathan.2.png
mv leviathan.png.3 leviathan.3.png
mv leviathan.png.4 leviathan.4.png
mv leviathan.png.5 leviathan.5.png
mv leviathan.png.6 leviathan.6.png
mv leviathan.png.7 leviathan.7.png
mv leviathan.png.8 leviathan.8.png
mv leviathan.png.9 leviathan.9.png
mv marauder.png.0 marauder.0.png
mv marauder.png.1 marauder.1.png
mv marauder.png.10 marauder.10.png
mv marauder.png.11 marauder.11.png
mv marauder.png.12 marauder.12.png
mv marauder.png.13 marauder.13.png
mv marauder.png.14 marauder.14.png
mv marauder.png.15 marauder.15.png
mv marauder.png.2 marauder.2.png
mv marauder.png.3 marauder.3.png
mv marauder.png.4 marauder.4.png
mv marauder.png.5 marauder.5.png
mv marauder.png.6 marauder.6.png
mv marauder.png.7 marauder.7.png
mv marauder.png.8 marauder.8.png
mv marauder.png.9 marauder.9.png
mv marine.png.0 marine.0.png
mv marine.png.1 marine.1.png
mv marine.png.10 marine.10.png
mv marine.png.11 marine.11.png
mv marine.png.12 marine.12.png
mv marine.png.13 marine.13.png
mv marine.png.14 marine.14.png
mv marine.png.15 marine.15.png
mv marine.png.2 marine.2.png
mv marine.png.3 marine.3.png
mv marine.png.4 marine.4.png
mv marine.png.5 marine.5.png
mv marine.png.6 marine.6.png
mv marine.png.7 marine.7.png
mv marine.png.8 marine.8.png
mv marine.png.9 marine.9.png
mv mecha_2.png.0 mecha_2.0.png
mv mecha_2.png.1 mecha_2.1.png
mv mecha_2.png.10 mecha_2.10.png
mv mecha_2.png.11 mecha_2.11.png
mv mecha_2.png.12 mecha_2.12.png
mv mecha_2.png.13 mecha_2.13.png
mv mecha_2.png.14 mecha_2.14.png
mv mecha_2.png.15 mecha_2.15.png
mv mecha_2.png.2 mecha_2.2.png
mv mecha_2.png.3 mecha_2.3.png
mv mecha_2.png.4 mecha_2.4.png
mv mecha_2.png.5 mecha_2.5.png
mv mecha_2.png.6 mecha_2.6.png
mv mecha_2.png.7 mecha_2.7.png
mv mecha_2.png.8 mecha_2.8.png
mv mecha_2.png.9 mecha_2.9.png
mv mecha.png.0 mecha.0.png
mv mecha.png.1 mecha.1.png
mv mecha.png.10 mecha.10.png
mv mecha.png.11 mecha.11.png
mv mecha.png.12 mecha.12.png
mv mecha.png.13 mecha.13.png
mv mecha.png.14 mecha.14.png
mv mecha.png.15 mecha.15.png
mv mecha.png.2 mecha.2.png
mv mecha.png.3 mecha.3.png
mv mecha.png.4 mecha.4.png
mv mecha.png.5 mecha.5.png
mv mecha.png.6 mecha.6.png
mv mecha.png.7 mecha.7.png
mv mecha.png.8 mecha.8.png
mv mecha.png.9 mecha.9.png
mv pinzer.png.0 pinzer.0.png
mv pinzer.png.1 pinzer.1.png
mv pinzer.png.10 pinzer.10.png
mv pinzer.png.11 pinzer.11.png
mv pinzer.png.12 pinzer.12.png
mv pinzer.png.13 pinzer.13.png
mv pinzer.png.14 pinzer.14.png
mv pinzer.png.15 pinzer.15.png
mv pinzer.png.2 pinzer.2.png
mv pinzer.png.3 pinzer.3.png
mv pinzer.png.4 pinzer.4.png
mv pinzer.png.5 pinzer.5.png
mv pinzer.png.6 pinzer.6.png
mv pinzer.png.7 pinzer.7.png
mv pinzer.png.8 pinzer.8.png
mv pinzer.png.9 pinzer.9.png
mv plasma_tank.png.0 plasma_tank.0.png
mv plasma_tank.png.1 plasma_tank.1.png
mv plasma_tank.png.10 plasma_tank.10.png
mv plasma_tank.png.11 plasma_tank.11.png
mv plasma_tank.png.12 plasma_tank.12.png
mv plasma_tank.png.13 plasma_tank.13.png
mv plasma_tank.png.14 plasma_tank.14.png
mv plasma_tank.png.15 plasma_tank.15.png
mv plasma_tank.png.2 plasma_tank.2.png
mv plasma_tank.png.3 plasma_tank.3.png
mv plasma_tank.png.4 plasma_tank.4.png
mv plasma_tank.png.5 plasma_tank.5.png
mv plasma_tank.png.6 plasma_tank.6.png
mv plasma_tank.png.7 plasma_tank.7.png
mv plasma_tank.png.8 plasma_tank.8.png
mv plasma_tank.png.9 plasma_tank.9.png
mv sapien_base.png.0 sapien_base.0.png
mv sapien_base.png.1 sapien_base.1.png
mv sapien_base.png.10 sapien_base.10.png
mv sapien_base.png.11 sapien_base.11.png
mv sapien_base.png.12 sapien_base.12.png
mv sapien_base.png.13 sapien_base.13.png
mv sapien_base.png.14 sapien_base.14.png
mv sapien_base.png.15 sapien_base.15.png
mv sapien_base.png.2 sapien_base.2.png
mv sapien_base.png.3 sapien_base.3.png
mv sapien_base.png.4 sapien_base.4.png
mv sapien_base.png.5 sapien_base.5.png
mv sapien_base.png.6 sapien_base.6.png
mv sapien_base.png.7 sapien_base.7.png
mv sapien_base.png.8 sapien_base.8.png
mv sapien_base.png.9 sapien_base.9.png
mv speeder.png.0 speeder.0.png
mv speeder.png.1 speeder.1.png
mv speeder.png.10 speeder.10.png
mv speeder.png.11 speeder.11.png
mv speeder.png.12 speeder.12.png
mv speeder.png.13 speeder.13.png
mv speeder.png.14 speeder.14.png
mv speeder.png.15 speeder.15.png
mv speeder.png.2 speeder.2.png
mv speeder.png.3 speeder.3.png
mv speeder.png.4 speeder.4.png
mv speeder.png.5 speeder.5.png
mv speeder.png.6 speeder.6.png
mv speeder.png.7 speeder.7.png
mv speeder.png.8 speeder.8.png
mv speeder.png.9 speeder.9.png
mv swarmer.png.0 swarmer.0.png
mv swarmer.png.1 swarmer.1.png
mv swarmer.png.10 swarmer.10.png
mv swarmer.png.11 swarmer.11.png
mv swarmer.png.12 swarmer.12.png
mv swarmer.png.13 swarmer.13.png
mv swarmer.png.14 swarmer.14.png
mv swarmer.png.15 swarmer.15.png
mv swarmer.png.2 swarmer.2.png
mv swarmer.png.3 swarmer.3.png
mv swarmer.png.4 swarmer.4.png
mv swarmer.png.5 swarmer.5.png
mv swarmer.png.6 swarmer.6.png
mv swarmer.png.7 swarmer.7.png
mv swarmer.png.8 swarmer.8.png
mv swarmer.png.9 swarmer.9.png
mv tank.png.0 tank.0.png
mv tank.png.1 tank.1.png
mv tank.png.10 tank.10.png
mv tank.png.11 tank.11.png
mv tank.png.12 tank.12.png
mv tank.png.13 tank.13.png
mv tank.png.14 tank.14.png
mv tank.png.15 tank.15.png
mv tank.png.2 tank.2.png
mv tank.png.3 tank.3.png
mv tank.png.4 tank.4.png
mv tank.png.5 tank.5.png
mv tank.png.6 tank.6.png
mv tank.png.7 tank.7.png
mv tank.png.8 tank.8.png
mv tank.png.9 tank.9.png
mv temp.log temp..log
mv titan_base.png.0 titan_base.0.png
mv titan_base.png.1 titan_base.1.png
mv titan_base.png.10 titan_base.10.png
mv titan_base.png.11 titan_base.11.png
mv titan_base.png.12 titan_base.12.png
mv titan_base.png.13 titan_base.13.png
mv titan_base.png.14 titan_base.14.png
mv titan_base.png.15 titan_base.15.png
mv titan_base.png.2 titan_base.2.png
mv titan_base.png.3 titan_base.3.png
mv titan_base.png.4 titan_base.4.png
mv titan_base.png.5 titan_base.5.png
mv titan_base.png.6 titan_base.6.png
mv titan_base.png.7 titan_base.7.png
mv titan_base.png.8 titan_base.8.png
mv titan_base.png.9 titan_base.9.png
mv underling_buried.png.0 underling_buried.0.png
mv underling_buried.png.1 underling_buried.1.png
mv underling_buried.png.10 underling_buried.10.png
mv underling_buried.png.11 underling_buried.11.png
mv underling_buried.png.12 underling_buried.12.png
mv underling_buried.png.13 underling_buried.13.png
mv underling_buried.png.14 underling_buried.14.png
mv underling_buried.png.15 underling_buried.15.png
mv underling_buried.png.2 underling_buried.2.png
mv underling_buried.png.3 underling_buried.3.png
mv underling_buried.png.4 underling_buried.4.png
mv underling_buried.png.5 underling_buried.5.png
mv underling_buried.png.6 underling_buried.6.png
mv underling_buried.png.7 underling_buried.7.png
mv underling_buried.png.8 underling_buried.8.png
mv underling_buried.png.9 underling_buried.9.png
mv underling.png.0 underling.0.png
mv underling.png.1 underling.1.png
mv underling.png.10 underling.10.png
mv underling.png.11 underling.11.png
mv underling.png.12 underling.12.png
mv underling.png.13 underling.13.png
mv underling.png.14 underling.14.png
mv underling.png.15 underling.15.png
mv underling.png.2 underling.2.png
mv underling.png.3 underling.3.png
mv underling.png.4 underling.4.png
mv underling.png.5 underling.5.png
mv underling.png.6 underling.6.png
mv underling.png.7 underling.7.png
mv underling.png.8 underling.8.png
mv underling.png.9 underling.9.png
mv walker.png.0 walker.0.png
mv walker.png.1 walker.1.png
mv walker.png.10 walker.10.png
mv walker.png.11 walker.11.png
mv walker.png.12 walker.12.png
mv walker.png.13 walker.13.png
mv walker.png.14 walker.14.png
mv walker.png.15 walker.15.png
mv walker.png.2 walker.2.png
mv walker.png.3 walker.3.png
mv walker.png.4 walker.4.png
mv walker.png.5 walker.5.png
mv walker.png.6 walker.6.png
mv walker.png.7 walker.7.png
mv walker.png.8 walker.8.png
mv walker.png.9 walker.9.png
