mv assimilator..png assimilator.0.png
mv battery..png battery.0.png
mv cyber_underling_buried..png cyber_underling_buried.0.png
mv cyber_underling..png cyber_underling.0.png
mv destroyer..png destroyer.0.png
mv eclipse..png eclipse.0.png
mv engineer..png engineer.0.png
mv garuda..png garuda.0.png
mv helicopter..png helicopter.0.png
mv hydronaut..png hydronaut.0.png
mv infected_marine..png infected_marine.0.png
mv infector..png infector.0.png
mv khralean_base..png khralean_base.0.png
mv leviathan..png leviathan.0.png
mv marauder..png marauder.0.png
mv marine..png marine.0.png
mv mecha_2..png mecha_2.0.png
mv mecha..png mecha.0.png
mv pinzer..png pinzer.0.png
mv plasma_tank..png plasma_tank.0.png
mv sapien_base..png sapien_base.0.png
mv speeder..png speeder.0.png
mv swarmer..png swarmer.0.png
mv tank..png tank.0.png
mv temp..log temp.0.log
mv titan_base..png titan_base.0.png
mv underling_buried..png underling_buried.0.png
mv underling..png underling.0.png
mv walker..png walker.0.png
